2019-09-18 21:45:48.822  INFO 7700 --- [main] com.example.warszterp.DemoApplication    : Starting DemoApplication on LUIGIP with PID 7700 (C:\Users\CP24\Desktop\IdeaProjects\Spring\warsztERP\target\classes started by CP24 in C:\Users\CP24\Desktop\IdeaProjects\Spring\warsztERP)
2019-09-18 21:45:48.824  INFO 7700 --- [main] com.example.warszterp.DemoApplication    : No active profile set, falling back to default profiles: default
2019-09-18 21:45:50.295  INFO 7700 --- [main] .s.d.r.c.RepositoryConfigurationDelegate : Bootstrapping Spring Data repositories in DEFAULT mode.
2019-09-18 21:45:50.424  INFO 7700 --- [main] .s.d.r.c.RepositoryConfigurationDelegate : Finished Spring Data repository scanning in 119ms. Found 7 repository interfaces.
2019-09-18 21:45:50.771  INFO 7700 --- [main] trationDelegate$BeanPostProcessorChecker : Bean 'org.springframework.transaction.annotation.ProxyTransactionManagementConfiguration' of type [org.springframework.transaction.annotation.ProxyTransactionManagementConfiguration$$EnhancerBySpringCGLIB$$cbcc52f4] is not eligible for getting processed by all BeanPostProcessors (for example: not eligible for auto-proxying)
2019-09-18 21:45:51.037  INFO 7700 --- [main] o.s.b.w.embedded.tomcat.TomcatWebServer  : Tomcat initialized with port(s): 8080 (http)
2019-09-18 21:45:51.061  INFO 7700 --- [main] o.apache.catalina.core.StandardService   : Starting service [Tomcat]
2019-09-18 21:45:51.062  INFO 7700 --- [main] org.apache.catalina.core.StandardEngine  : Starting Servlet engine: [Apache Tomcat/9.0.24]
2019-09-18 21:45:51.388  INFO 7700 --- [main] org.apache.jasper.servlet.TldScanner     : At least one JAR was scanned for TLDs yet contained no TLDs. Enable debug logging for this logger for a complete list of JARs that were scanned but no TLDs were found in them. Skipping unneeded JARs during scanning can improve startup time and JSP compilation time.
2019-09-18 21:45:51.398  INFO 7700 --- [main] o.a.c.c.C.[Tomcat].[localhost].[/]       : Initializing Spring embedded WebApplicationContext
2019-09-18 21:45:51.399  INFO 7700 --- [main] o.s.web.context.ContextLoader            : Root WebApplicationContext: initialization completed in 2511 ms
2019-09-18 21:45:51.573  INFO 7700 --- [main] com.zaxxer.hikari.HikariDataSource       : HikariPool-1 - Starting...
2019-09-18 21:45:51.856  INFO 7700 --- [main] com.zaxxer.hikari.HikariDataSource       : HikariPool-1 - Start completed.
2019-09-18 21:45:51.955  INFO 7700 --- [main] o.hibernate.jpa.internal.util.LogHelper  : HHH000204: Processing PersistenceUnitInfo [
	name: default
	...]
2019-09-18 21:45:52.050  INFO 7700 --- [main] org.hibernate.Version                    : HHH000412: Hibernate Core {5.3.11.Final}
2019-09-18 21:45:52.052  INFO 7700 --- [main] org.hibernate.cfg.Environment            : HHH000206: hibernate.properties not found
2019-09-18 21:45:52.200  INFO 7700 --- [main] o.hibernate.annotations.common.Version   : HCANN000001: Hibernate Commons Annotations {5.0.4.Final}
2019-09-18 21:45:52.346  INFO 7700 --- [main] org.hibernate.dialect.Dialect            : HHH000400: Using dialect: org.hibernate.dialect.MySQL8Dialect
2019-09-18 21:45:53.640  INFO 7700 --- [main] j.LocalContainerEntityManagerFactoryBean : Initialized JPA EntityManagerFactory for persistence unit 'default'
2019-09-18 21:45:54.712  INFO 7700 --- [main] o.s.s.web.DefaultSecurityFilterChain     : Creating filter chain: any request, [org.springframework.security.web.context.request.async.WebAsyncManagerIntegrationFilter@52d181ed, org.springframework.security.web.context.SecurityContextPersistenceFilter@1b5623b4, org.springframework.security.web.header.HeaderWriterFilter@61d61b0e, org.springframework.security.web.csrf.CsrfFilter@2a9565d7, org.springframework.security.web.authentication.logout.LogoutFilter@45a9cf78, org.springframework.security.web.authentication.UsernamePasswordAuthenticationFilter@3065efd0, org.springframework.security.web.authentication.ui.DefaultLoginPageGeneratingFilter@39a9becc, org.springframework.security.web.authentication.ui.DefaultLogoutPageGeneratingFilter@43efe064, org.springframework.security.web.authentication.www.BasicAuthenticationFilter@4a8bf1dc, org.springframework.security.web.savedrequest.RequestCacheAwareFilter@33563147, org.springframework.security.web.servletapi.SecurityContextHolderAwareRequestFilter@3aa63b53, org.springframework.security.web.authentication.AnonymousAuthenticationFilter@66046e7c, org.springframework.security.web.session.SessionManagementFilter@646bf8a6, org.springframework.security.web.access.ExceptionTranslationFilter@2979c6ef, org.springframework.security.web.access.intercept.FilterSecurityInterceptor@5020b59f]
2019-09-18 21:45:54.854  INFO 7700 --- [main] o.s.s.concurrent.ThreadPoolTaskExecutor  : Initializing ExecutorService 'applicationTaskExecutor'
2019-09-18 21:45:54.885  WARN 7700 --- [main] aWebConfiguration$JpaWebMvcConfiguration : spring.jpa.open-in-view is enabled by default. Therefore, database queries may be performed during view rendering. Explicitly configure spring.jpa.open-in-view to disable this warning
2019-09-18 21:45:55.024  INFO 7700 --- [main] o.s.b.a.w.s.WelcomePageHandlerMapping    : Adding welcome page template: index
2019-09-18 21:45:55.129  WARN 7700 --- [main] org.thymeleaf.templatemode.TemplateMode  : [THYMELEAF][main] Template Mode 'HTML5' is deprecated. Using Template Mode 'HTML' instead.
2019-09-18 21:45:55.471  INFO 7700 --- [main] o.s.b.w.embedded.tomcat.TomcatWebServer  : Tomcat started on port(s): 8080 (http) with context path ''
2019-09-18 21:45:55.473  INFO 7700 --- [main] com.example.warszterp.DemoApplication    : Started DemoApplication in 7.31 seconds (JVM running for 8.834)
2019-09-18 21:45:55.500  INFO 7700 --- [main] o.h.h.i.QueryTranslatorFactoryInitiator  : HHH000397: Using ASTQueryTranslatorFactory
